{"level":"info","ts":"2024-09-27T16:34:51.753+0800","caller":"logger/logger.go:62","msg":"Starting server","port":"8080"}
{"level":"info","ts":"2024-09-27T16:35:15.415+0800","caller":"logger/logger.go:62","msg":"Starting server","port":"8080"}
{"level":"info","ts":"2024-09-27T16:35:31.781+0800","caller":"logger/logger.go:62","msg":"Starting server","port":"8080"}
{"level":"info","ts":"2024-09-27T16:35:41.413+0800","caller":"logger/logger.go:62","msg":"Starting server","port":"88834"}
{"level":"info","ts":"2024-09-27T16:36:12.446+0800","caller":"logger/logger.go:62","msg":"Starting server","port":"8888"}
{"level":"info","ts":"2024-09-27T16:36:26.900+0800","caller":"logger/logger.go:62","msg":"Request started","trace_id":"b0c79ba2-f067-4bb4-b172-ea41add0912e","path":"/","method":"GET"}
{"level":"info","ts":"2024-09-27T16:36:26.900+0800","caller":"logger/logger.go:62","msg":"Request completed","trace_id":"b0c79ba2-f067-4bb4-b172-ea41add0912e","status":404}
{"level":"info","ts":"2024-09-27T16:36:26.958+0800","caller":"logger/logger.go:62","msg":"Request started","trace_id":"04da6366-b3ec-4423-837f-a7b1d8582ca9","path":"/favicon.ico","method":"GET"}
{"level":"info","ts":"2024-09-27T16:36:26.958+0800","caller":"logger/logger.go:62","msg":"Request completed","trace_id":"04da6366-b3ec-4423-837f-a7b1d8582ca9","status":404}
{"level":"info","ts":"2024-09-27T16:36:38.814+0800","caller":"logger/logger.go:62","msg":"Request started","trace_id":"acf27fc1-1b2a-4b19-b58e-d388f00550cc","path":"/","method":"GET"}
{"level":"info","ts":"2024-09-27T16:36:38.814+0800","caller":"logger/logger.go:62","msg":"Request completed","trace_id":"acf27fc1-1b2a-4b19-b58e-d388f00550cc","status":404}
{"level":"info","ts":"2024-09-27T16:36:45.583+0800","caller":"logger/logger.go:62","msg":"Request started","trace_id":"e9f74376-3243-45d5-9907-640954d6f18b","path":"/","method":"GET"}
{"level":"info","ts":"2024-09-27T16:36:45.583+0800","caller":"logger/logger.go:62","msg":"Request completed","trace_id":"e9f74376-3243-45d5-9907-640954d6f18b","status":404}
{"level":"info","ts":"2024-09-27T16:38:38.730+0800","caller":"logger/logger.go:62","msg":"Starting server","port":"8888"}
{"level":"info","ts":"2024-09-27T17:09:23.116+0800","caller":"logger/logger.go:62","msg":"Starting server","port":"8080"}
{"level":"info","ts":"2024-09-27T17:09:34.736+0800","caller":"logger/logger.go:62","msg":"Starting server","port":"8888"}
{"level":"info","ts":"2024-09-27T17:14:23.467+0800","caller":"logger/logger.go:62","msg":"Starting server","port":"8888"}
{"level":"info","ts":"2024-09-27T17:14:34.522+0800","caller":"logger/logger.go:62","msg":"Request started","trace_id":"c4bebc31-7385-45c8-8f50-7823dade136d","path":"/","method":"GET"}
{"level":"info","ts":"2024-09-27T17:14:34.522+0800","caller":"logger/logger.go:62","msg":"Request completed","trace_id":"c4bebc31-7385-45c8-8f50-7823dade136d","status":404}
{"level":"info","ts":"2024-09-27T17:15:32.966+0800","caller":"logger/logger.go:62","msg":"Request started","trace_id":"8e00c026-c5c0-4ce5-87f9-e6a519792980","path":"/api/v1/users/1","method":"GET"}
{"level":"error","ts":"2024-09-27T17:15:33.148+0800","caller":"controller/user_controller.go:27","msg":"Failed to get user","error":"record not found"}
{"level":"info","ts":"2024-09-27T17:15:33.148+0800","caller":"logger/logger.go:62","msg":"Request completed","trace_id":"8e00c026-c5c0-4ce5-87f9-e6a519792980","status":404}
{"level":"info","ts":"2024-09-27T17:19:19.873+0800","caller":"logger/logger.go:62","msg":"Request started","trace_id":"0ae9cc15-3a69-43d0-b36d-9255ef1b7db1","path":"/api/v1/users/1","method":"GET"}
{"level":"error","ts":"2024-09-27T17:19:20.011+0800","caller":"controller/user_controller.go:27","msg":"Failed to get user","error":"record not found"}
{"level":"info","ts":"2024-09-27T17:19:20.011+0800","caller":"logger/logger.go:62","msg":"Request completed","trace_id":"0ae9cc15-3a69-43d0-b36d-9255ef1b7db1","status":404}
{"level":"info","ts":"2024-09-27T17:19:22.879+0800","caller":"logger/logger.go:62","msg":"Request started","trace_id":"7a70bb67-15cb-4877-b7ae-3a70ee389415","path":"/api/v1/users/2","method":"GET"}
{"level":"info","ts":"2024-09-27T17:19:23.030+0800","caller":"logger/logger.go:62","msg":"Request completed","trace_id":"7a70bb67-15cb-4877-b7ae-3a70ee389415","status":200}
{"level":"info","ts":"2024-09-27T17:19:30.642+0800","caller":"logger/logger.go:62","msg":"Request started","trace_id":"4d0ace53-cea4-4026-874b-9e2fced5877e","path":"/api/v1/users/3","method":"GET"}
{"level":"info","ts":"2024-09-27T17:19:30.831+0800","caller":"logger/logger.go:62","msg":"Request completed","trace_id":"4d0ace53-cea4-4026-874b-9e2fced5877e","status":200}
{"level":"info","ts":"2024-09-27T17:23:02.302+0800","caller":"logger/logger.go:62","msg":"Starting server","port":"8888"}
{"level":"info","ts":"2024-09-27T17:25:11.608+0800","caller":"logger/logger.go:62","msg":"Request started","trace_id":"d430f7c7-4625-4592-bf27-1cc26bdac07c","path":"/api/v1/users","method":"GET"}
{"level":"info","ts":"2024-09-27T17:25:11.871+0800","caller":"logger/logger.go:62","msg":"Request completed","trace_id":"d430f7c7-4625-4592-bf27-1cc26bdac07c","status":200}
{"level":"info","ts":"2024-09-27T17:26:53.950+0800","caller":"logger/logger.go:62","msg":"Request started","trace_id":"952194f6-84d0-422f-acfc-3a7c04090324","path":"/api/v1/users","method":"GET"}
{"level":"info","ts":"2024-09-27T17:26:54.136+0800","caller":"logger/logger.go:62","msg":"Request completed","trace_id":"952194f6-84d0-422f-acfc-3a7c04090324","status":200}
{"level":"info","ts":"2024-09-27T17:28:42.657+0800","caller":"logger/logger.go:62","msg":"Request started","trace_id":"632b1ed7-d382-4768-a446-b88458864c11","path":"/api/v1/users","method":"GET"}
{"level":"info","ts":"2024-09-27T17:28:42.897+0800","caller":"logger/logger.go:62","msg":"Request completed","trace_id":"632b1ed7-d382-4768-a446-b88458864c11","status":200}
{"level":"info","ts":"2024-09-27T17:28:45.707+0800","caller":"logger/logger.go:62","msg":"Request started","trace_id":"f2a1c200-8991-490e-bc6a-f4a0e32e38be","path":"/api/v1/users","method":"GET"}
{"level":"info","ts":"2024-09-27T17:28:45.905+0800","caller":"logger/logger.go:62","msg":"Request completed","trace_id":"f2a1c200-8991-490e-bc6a-f4a0e32e38be","status":200}
{"level":"info","ts":"2024-09-27T17:29:14.782+0800","caller":"logger/logger.go:62","msg":"Starting server","port":"8888"}
{"level":"info","ts":"2024-09-27T17:29:24.817+0800","caller":"logger/logger.go:62","msg":"Request started","trace_id":"ca653903-df2b-4bc6-b8fe-17fe720b2366","path":"/api/v1/users","method":"GET"}
{"level":"info","ts":"2024-09-27T17:29:25.081+0800","caller":"logger/logger.go:62","msg":"Request completed","trace_id":"ca653903-df2b-4bc6-b8fe-17fe720b2366","status":200}
{"level":"info","ts":"2024-09-27T17:29:30.408+0800","caller":"logger/logger.go:62","msg":"Request started","trace_id":"78049edf-a58d-46d8-9d32-8536ccb87ab2","path":"/api/v1/users","method":"GET"}
{"level":"info","ts":"2024-09-27T17:29:30.918+0800","caller":"logger/logger.go:62","msg":"Request completed","trace_id":"78049edf-a58d-46d8-9d32-8536ccb87ab2","status":200}
{"level":"info","ts":"2024-09-27T17:36:28.655+0800","caller":"logger/logger.go:66","msg":"Starting server","port":"8888"}
{"level":"info","ts":"2024-09-27T17:36:36.689+0800","caller":"logger/logger.go:66","msg":"Request started","trace_id":"07a56864-c751-472d-9a6c-64ad1d075dce","path":"/api/v1/users","method":"GET"}
{"level":"error","ts":"2024-09-27T17:36:36.791+0800","caller":"controller/user_controller.go:55","msg":"Failed to get users","trace_id":"07a56864-c751-472d-9a6c-64ad1d075dce","error":"Error 1146 (42S02): Table 'taskdb.user' doesn't exist"}
{"level":"info","ts":"2024-09-27T17:36:36.791+0800","caller":"logger/logger.go:66","msg":"Request completed","trace_id":"07a56864-c751-472d-9a6c-64ad1d075dce","status":500}
{"level":"info","ts":"2024-09-27T17:36:42.249+0800","caller":"logger/logger.go:66","msg":"Request started","trace_id":"2e274484-4830-42ee-abb7-c66c4f9324b9","path":"/api/v1/users","method":"GET"}
{"level":"error","ts":"2024-09-27T17:36:42.330+0800","caller":"controller/user_controller.go:55","msg":"Failed to get users","trace_id":"2e274484-4830-42ee-abb7-c66c4f9324b9","error":"Error 1146 (42S02): Table 'taskdb.user' doesn't exist"}
{"level":"info","ts":"2024-09-27T17:36:42.330+0800","caller":"logger/logger.go:66","msg":"Request completed","trace_id":"2e274484-4830-42ee-abb7-c66c4f9324b9","status":500}
{"level":"info","ts":"2024-09-27T17:38:17.962+0800","caller":"logger/logger.go:66","msg":"Starting server","port":"8888"}
{"level":"info","ts":"2024-09-27T17:38:21.427+0800","caller":"logger/logger.go:66","msg":"Request started","trace_id":"7a780367-d118-4da4-ab9e-18caa3484930","path":"/api/v1/users","method":"GET"}
{"level":"info","ts":"2024-09-27T17:38:21.699+0800","caller":"controller/user_controller.go:63","msg":"Users retrieved successfully","trace_id":"7a780367-d118-4da4-ab9e-18caa3484930","total":11}
{"level":"info","ts":"2024-09-27T17:38:21.699+0800","caller":"logger/logger.go:66","msg":"Request completed","trace_id":"7a780367-d118-4da4-ab9e-18caa3484930","status":200}
{"level":"info","ts":"2024-09-27T17:39:44.233+0800","caller":"logger/logger.go:66","msg":"Starting server","port":"8888"}
{"level":"debug","ts":"2024-09-27T17:39:46.036+0800","caller":"middleware/tracing.go:16","msg":"Request started","trace_id":"d951250d-9b7a-485e-bb0e-519a2138e3d3","path":"/api/v1/users","method":"GET"}
{"level":"info","ts":"2024-09-27T17:39:46.293+0800","caller":"controller/user_controller.go:71","msg":"Users retrieved successfully","trace_id":"d951250d-9b7a-485e-bb0e-519a2138e3d3","total":11}
{"level":"debug","ts":"2024-09-27T17:39:46.294+0800","caller":"middleware/tracing.go:24","msg":"Request completed","trace_id":"d951250d-9b7a-485e-bb0e-519a2138e3d3","status":200}
{"level":"info","ts":"2024-09-27T17:39:46.294+0800","caller":"logger/logger.go:66","msg":"Request","status":200,"method":"GET","path":"/api/v1/users","query":"page=1&size=2","ip":"127.0.0.1","user-agent":"Mozilla/5.0 (Macintosh; Intel Mac OS X 10_15_7) AppleWebKit/537.36 (KHTML, like Gecko) Chrome/128.0.0.0 Safari/537.36","latency":0.257648083}
{"level":"debug","ts":"2024-09-27T17:39:49.898+0800","caller":"middleware/tracing.go:16","msg":"Request started","trace_id":"bb038cb5-81ab-4b7c-aafb-a1644085b8c9","path":"/api/v1/users","method":"GET"}
{"level":"info","ts":"2024-09-27T17:39:50.210+0800","caller":"controller/user_controller.go:71","msg":"Users retrieved successfully","trace_id":"bb038cb5-81ab-4b7c-aafb-a1644085b8c9","total":11}
{"level":"debug","ts":"2024-09-27T17:39:50.211+0800","caller":"middleware/tracing.go:24","msg":"Request completed","trace_id":"bb038cb5-81ab-4b7c-aafb-a1644085b8c9","status":200}
{"level":"info","ts":"2024-09-27T17:39:50.211+0800","caller":"logger/logger.go:66","msg":"Request","status":200,"method":"GET","path":"/api/v1/users","query":"page=1&size=2","ip":"127.0.0.1","user-agent":"Mozilla/5.0 (Macintosh; Intel Mac OS X 10_15_7) AppleWebKit/537.36 (KHTML, like Gecko) Chrome/128.0.0.0 Safari/537.36","latency":0.312693333}
{"level":"debug","ts":"2024-09-27T17:39:53.618+0800","caller":"middleware/tracing.go:16","msg":"Request started","trace_id":"33c41218-b593-40eb-9b05-82ad46f4442b","path":"/api/v1/users","method":"GET"}
{"level":"info","ts":"2024-09-27T17:39:53.858+0800","caller":"controller/user_controller.go:71","msg":"Users retrieved successfully","trace_id":"33c41218-b593-40eb-9b05-82ad46f4442b","total":11}
{"level":"debug","ts":"2024-09-27T17:39:53.858+0800","caller":"middleware/tracing.go:24","msg":"Request completed","trace_id":"33c41218-b593-40eb-9b05-82ad46f4442b","status":200}
{"level":"info","ts":"2024-09-27T17:39:53.858+0800","caller":"logger/logger.go:66","msg":"Request","status":200,"method":"GET","path":"/api/v1/users","query":"page=1&size=3","ip":"127.0.0.1","user-agent":"Mozilla/5.0 (Macintosh; Intel Mac OS X 10_15_7) AppleWebKit/537.36 (KHTML, like Gecko) Chrome/128.0.0.0 Safari/537.36","latency":0.240225209}
{"level":"info","ts":"2024-09-27T17:53:14.394+0800","caller":"logger/logger.go:66","msg":"Starting server","port":"8888"}
{"level":"debug","ts":"2024-09-27T17:53:23.215+0800","caller":"middleware/tracing.go:23","msg":"Request started","request_id":"a3fad272-c8cd-43ce-840d-369756bef971","path":"/api/v1/users","method":"GET"}
{"level":"info","ts":"2024-09-27T17:53:23.424+0800","caller":"controller/user_controller.go:74","msg":"Users retrieved successfully","request_id":"a3fad272-c8cd-43ce-840d-369756bef971","total":11}
{"level":"info","ts":"2024-09-27T17:53:23.425+0800","caller":"logger/logger.go:66","msg":"Request","request_id":"a3fad272-c8cd-43ce-840d-369756bef971","status":200,"method":"GET","path":"/api/v1/users","query":"page=1&size=4","ip":"127.0.0.1","user-agent":"Mozilla/5.0 (Macintosh; Intel Mac OS X 10_15_7) AppleWebKit/537.36 (KHTML, like Gecko) Chrome/128.0.0.0 Safari/537.36","latency":0.2090935}
{"level":"debug","ts":"2024-09-27T17:53:23.425+0800","caller":"middleware/tracing.go:31","msg":"Request completed","request_id":"a3fad272-c8cd-43ce-840d-369756bef971","status":200}
{"level":"info","ts":"2024-09-27T17:55:17.659+0800","caller":"logger/logger.go:28","msg":"Logger initialized successfully"}
{"level":"info","ts":"2024-09-27T17:55:17.659+0800","caller":"logger/logger.go:69","msg":"Application initialized successfully"}
{"level":"info","ts":"2024-09-27T17:55:18.196+0800","caller":"logger/logger.go:69","msg":"Starting server","port":"8888"}
{"level":"debug","ts":"2024-09-27T17:55:31.129+0800","caller":"middleware/tracing.go:23","msg":"Request started","request_id":"0bb91ab7-9cca-4cd8-8822-74f443e239a3","path":"/api/v1/users","method":"GET"}
{"level":"info","ts":"2024-09-27T17:55:31.404+0800","caller":"controller/user_controller.go:74","msg":"Users retrieved successfully","request_id":"0bb91ab7-9cca-4cd8-8822-74f443e239a3","total":11}
{"level":"info","ts":"2024-09-27T17:55:31.404+0800","caller":"middleware/logger.go:26","msg":"Request","request_id":"0bb91ab7-9cca-4cd8-8822-74f443e239a3","status":200,"method":"GET","path":"/api/v1/users","query":"page=1&size=1","ip":"127.0.0.1","user-agent":"Mozilla/5.0 (Macintosh; Intel Mac OS X 10_15_7) AppleWebKit/537.36 (KHTML, like Gecko) Chrome/128.0.0.0 Safari/537.36","latency":0.274876125}
{"level":"debug","ts":"2024-09-27T17:55:31.404+0800","caller":"middleware/tracing.go:31","msg":"Request completed","request_id":"0bb91ab7-9cca-4cd8-8822-74f443e239a3","status":200}
{"level":"debug","ts":"2024-09-27T18:00:18.915+0800","caller":"middleware/tracing.go:23","msg":"Request started","request_id":"8ece8994-5cc6-462b-bd90-3f27e6162c11","path":"/api/v1/users","method":"GET"}
{"level":"info","ts":"2024-09-27T18:00:19.201+0800","caller":"controller/user_controller.go:74","msg":"Users retrieved successfully","request_id":"8ece8994-5cc6-462b-bd90-3f27e6162c11","total":11}
{"level":"info","ts":"2024-09-27T18:00:19.201+0800","caller":"middleware/logger.go:26","msg":"Request","request_id":"8ece8994-5cc6-462b-bd90-3f27e6162c11","status":200,"method":"GET","path":"/api/v1/users","query":"page=1&size=1","ip":"127.0.0.1","user-agent":"Mozilla/5.0 (Macintosh; Intel Mac OS X 10_15_7) AppleWebKit/537.36 (KHTML, like Gecko) Chrome/128.0.0.0 Safari/537.36","latency":0.285609958}
{"level":"debug","ts":"2024-09-27T18:00:19.201+0800","caller":"middleware/tracing.go:31","msg":"Request completed","request_id":"8ece8994-5cc6-462b-bd90-3f27e6162c11","status":200}
{"level":"debug","ts":"2024-09-27T18:00:22.032+0800","caller":"middleware/tracing.go:23","msg":"Request started","request_id":"c706c986-384e-4603-96fa-373b50c81fe1","path":"/api/v1/users","method":"GET"}
{"level":"info","ts":"2024-09-27T18:00:22.343+0800","caller":"controller/user_controller.go:74","msg":"Users retrieved successfully","request_id":"c706c986-384e-4603-96fa-373b50c81fe1","total":11}
{"level":"info","ts":"2024-09-27T18:00:22.343+0800","caller":"middleware/logger.go:26","msg":"Request","request_id":"c706c986-384e-4603-96fa-373b50c81fe1","status":200,"method":"GET","path":"/api/v1/users","query":"page=1&size=1","ip":"127.0.0.1","user-agent":"Mozilla/5.0 (Macintosh; Intel Mac OS X 10_15_7) AppleWebKit/537.36 (KHTML, like Gecko) Chrome/128.0.0.0 Safari/537.36","latency":0.311109458}
{"level":"debug","ts":"2024-09-27T18:00:22.343+0800","caller":"middleware/tracing.go:31","msg":"Request completed","request_id":"c706c986-384e-4603-96fa-373b50c81fe1","status":200}
{"level":"debug","ts":"2024-09-27T18:00:23.793+0800","caller":"middleware/tracing.go:23","msg":"Request started","request_id":"bfaea5c6-e17c-422f-8d82-78cdb0ffd0ca","path":"/api/v1/users","method":"GET"}
{"level":"info","ts":"2024-09-27T18:00:24.281+0800","caller":"controller/user_controller.go:74","msg":"Users retrieved successfully","request_id":"bfaea5c6-e17c-422f-8d82-78cdb0ffd0ca","total":11}
{"level":"info","ts":"2024-09-27T18:00:24.281+0800","caller":"middleware/logger.go:26","msg":"Request","request_id":"bfaea5c6-e17c-422f-8d82-78cdb0ffd0ca","status":200,"method":"GET","path":"/api/v1/users","query":"page=1&size=1","ip":"127.0.0.1","user-agent":"Mozilla/5.0 (Macintosh; Intel Mac OS X 10_15_7) AppleWebKit/537.36 (KHTML, like Gecko) Chrome/128.0.0.0 Safari/537.36","latency":0.487680208}
{"level":"debug","ts":"2024-09-27T18:00:24.281+0800","caller":"middleware/tracing.go:31","msg":"Request completed","request_id":"bfaea5c6-e17c-422f-8d82-78cdb0ffd0ca","status":200}
{"level":"debug","ts":"2024-09-27T18:00:34.286+0800","caller":"middleware/tracing.go:23","msg":"Request started","request_id":"93f9a6d7-b386-45a8-9d54-8b25ecba7c47","path":"/api/v1/users","method":"GET"}
{"level":"info","ts":"2024-09-27T18:00:34.623+0800","caller":"controller/user_controller.go:74","msg":"Users retrieved successfully","request_id":"93f9a6d7-b386-45a8-9d54-8b25ecba7c47","total":11}
{"level":"info","ts":"2024-09-27T18:00:34.623+0800","caller":"middleware/logger.go:26","msg":"Request","request_id":"93f9a6d7-b386-45a8-9d54-8b25ecba7c47","status":200,"method":"GET","path":"/api/v1/users","query":"page=1&size=1","ip":"127.0.0.1","user-agent":"Mozilla/5.0 (Macintosh; Intel Mac OS X 10_15_7) AppleWebKit/537.36 (KHTML, like Gecko) Chrome/128.0.0.0 Safari/537.36","latency":0.336518167}
{"level":"debug","ts":"2024-09-27T18:00:34.623+0800","caller":"middleware/tracing.go:31","msg":"Request completed","request_id":"93f9a6d7-b386-45a8-9d54-8b25ecba7c47","status":200}
{"level":"info","ts":"2024-09-27T18:03:25.241+0800","caller":"logger/logger.go:28","msg":"Logger initialized successfully"}
{"level":"info","ts":"2024-09-27T18:03:25.241+0800","caller":"logger/logger.go:69","msg":"Application initialized successfully"}
{"level":"info","ts":"2024-09-27T18:03:25.844+0800","caller":"logger/logger.go:69","msg":"Starting server","port":"8888"}
{"level":"debug","ts":"2024-09-27T18:03:26.096+0800","caller":"middleware/tracing.go:23","msg":"Request started","request_id":"69af6cae-f0c7-4bba-8483-9240a4d41cda","path":"/api/v1/users","method":"GET"}
{"level":"info","ts":"2024-09-27T18:03:26.096+0800","caller":"service/user_service.go:35","msg":"Getting users","request_id":"69af6cae-f0c7-4bba-8483-9240a4d41cda"}
{"level":"info","ts":"2024-09-27T18:03:26.356+0800","caller":"repository/user_repository.go:73","msg":"Users retrieved","request_id":"69af6cae-f0c7-4bba-8483-9240a4d41cda","count":2,"total":11}
{"level":"info","ts":"2024-09-27T18:03:26.356+0800","caller":"controller/user_controller.go:76","msg":"Users retrieved successfully","request_id":"69af6cae-f0c7-4bba-8483-9240a4d41cda","total":11}
{"level":"info","ts":"2024-09-27T18:03:26.356+0800","caller":"middleware/logger.go:26","msg":"Request","request_id":"69af6cae-f0c7-4bba-8483-9240a4d41cda","status":200,"method":"GET","path":"/api/v1/users","query":"page=1&size=2","ip":"127.0.0.1","user-agent":"Mozilla/5.0 (Macintosh; Intel Mac OS X 10_15_7) AppleWebKit/537.36 (KHTML, like Gecko) Chrome/128.0.0.0 Safari/537.36","latency":0.260370583}
{"level":"debug","ts":"2024-09-27T18:03:26.356+0800","caller":"middleware/tracing.go:31","msg":"Request completed","request_id":"69af6cae-f0c7-4bba-8483-9240a4d41cda","status":200}
{"level":"debug","ts":"2024-09-27T18:03:27.239+0800","caller":"middleware/tracing.go:23","msg":"Request started","request_id":"b6aea5e8-55e8-49e6-94c1-4fa394b2f390","path":"/api/v1/users","method":"GET"}
{"level":"info","ts":"2024-09-27T18:03:27.239+0800","caller":"service/user_service.go:35","msg":"Getting users","request_id":"b6aea5e8-55e8-49e6-94c1-4fa394b2f390"}
{"level":"info","ts":"2024-09-27T18:03:27.462+0800","caller":"repository/user_repository.go:73","msg":"Users retrieved","request_id":"b6aea5e8-55e8-49e6-94c1-4fa394b2f390","count":2,"total":11}
{"level":"info","ts":"2024-09-27T18:03:27.462+0800","caller":"controller/user_controller.go:76","msg":"Users retrieved successfully","request_id":"b6aea5e8-55e8-49e6-94c1-4fa394b2f390","total":11}
{"level":"info","ts":"2024-09-27T18:03:27.463+0800","caller":"middleware/logger.go:26","msg":"Request","request_id":"b6aea5e8-55e8-49e6-94c1-4fa394b2f390","status":200,"method":"GET","path":"/api/v1/users","query":"page=1&size=2","ip":"127.0.0.1","user-agent":"Mozilla/5.0 (Macintosh; Intel Mac OS X 10_15_7) AppleWebKit/537.36 (KHTML, like Gecko) Chrome/128.0.0.0 Safari/537.36","latency":0.223431125}
{"level":"debug","ts":"2024-09-27T18:03:27.463+0800","caller":"middleware/tracing.go:31","msg":"Request completed","request_id":"b6aea5e8-55e8-49e6-94c1-4fa394b2f390","status":200}
{"level":"debug","ts":"2024-09-27T18:03:35.383+0800","caller":"middleware/tracing.go:23","msg":"Request started","request_id":"f9a4e4b2-55cb-46de-a3e4-c86f2d3007d9","path":"/api/v1/users","method":"GET"}
{"level":"info","ts":"2024-09-27T18:03:35.383+0800","caller":"service/user_service.go:35","msg":"Getting users","request_id":"f9a4e4b2-55cb-46de-a3e4-c86f2d3007d9"}
{"level":"info","ts":"2024-09-27T18:03:35.623+0800","caller":"repository/user_repository.go:73","msg":"Users retrieved","request_id":"f9a4e4b2-55cb-46de-a3e4-c86f2d3007d9","count":6,"total":11}
{"level":"info","ts":"2024-09-27T18:03:35.623+0800","caller":"controller/user_controller.go:76","msg":"Users retrieved successfully","request_id":"f9a4e4b2-55cb-46de-a3e4-c86f2d3007d9","total":11}
{"level":"info","ts":"2024-09-27T18:03:35.623+0800","caller":"middleware/logger.go:26","msg":"Request","request_id":"f9a4e4b2-55cb-46de-a3e4-c86f2d3007d9","status":200,"method":"GET","path":"/api/v1/users","query":"page=1&size=6","ip":"127.0.0.1","user-agent":"Mozilla/5.0 (Macintosh; Intel Mac OS X 10_15_7) AppleWebKit/537.36 (KHTML, like Gecko) Chrome/128.0.0.0 Safari/537.36","latency":0.240081209}
{"level":"debug","ts":"2024-09-27T18:03:35.623+0800","caller":"middleware/tracing.go:31","msg":"Request completed","request_id":"f9a4e4b2-55cb-46de-a3e4-c86f2d3007d9","status":200}
{"level":"info","ts":"2024-09-27T18:14:07.119+0800","caller":"logger/logger.go:35","msg":"Logger initialized successfully"}
{"level":"info","ts":"2024-09-27T18:14:07.120+0800","caller":"logger/logger.go:35","msg":"Logger initialized successfully"}
{"level":"info","ts":"2024-09-27T18:14:07.120+0800","caller":"app/app.go:46","msg":"Application initialized successfully"}
{"level":"info","ts":"2024-09-27T18:14:07.709+0800","caller":"app/app.go:33","msg":"Starting server","port":"8888"}
{"level":"debug","ts":"2024-09-27T18:14:13.231+0800","caller":"middleware/tracing.go:23","msg":"Request started","request_id":"63ed0fe3-35e0-4202-8cc2-a31466edfdc4","path":"/api/v1/users","method":"GET"}
{"level":"info","ts":"2024-09-27T18:14:13.231+0800","caller":"service/user_service.go:35","msg":"Getting users","request_id":"63ed0fe3-35e0-4202-8cc2-a31466edfdc4"}
{"level":"info","ts":"2024-09-27T18:14:13.447+0800","caller":"repository/user_repository.go:73","msg":"Users retrieved","request_id":"63ed0fe3-35e0-4202-8cc2-a31466edfdc4","count":1,"total":11}
{"level":"info","ts":"2024-09-27T18:14:13.447+0800","caller":"controller/user_controller.go:76","msg":"Users retrieved successfully","request_id":"63ed0fe3-35e0-4202-8cc2-a31466edfdc4","total":11}
{"level":"info","ts":"2024-09-27T18:14:13.448+0800","caller":"middleware/logger.go:26","msg":"Request","request_id":"63ed0fe3-35e0-4202-8cc2-a31466edfdc4","status":200,"method":"GET","path":"/api/v1/users","query":"page=1&size=1","ip":"127.0.0.1","user-agent":"Mozilla/5.0 (Macintosh; Intel Mac OS X 10_15_7) AppleWebKit/537.36 (KHTML, like Gecko) Chrome/128.0.0.0 Safari/537.36","latency":0.216270416}
{"level":"debug","ts":"2024-09-27T18:14:13.448+0800","caller":"middleware/tracing.go:31","msg":"Request completed","request_id":"63ed0fe3-35e0-4202-8cc2-a31466edfdc4","status":200}
{"level":"info","ts":"2024-09-27T18:15:37.818+0800","caller":"logger/logger.go:41","msg":"Logger initialized successfully"}
{"level":"info","ts":"2024-09-27T18:15:37.819+0800","caller":"logger/logger.go:41","msg":"Logger initialized successfully"}
{"level":"info","ts":"2024-09-27T18:15:37.819+0800","caller":"app/app.go:46","msg":"Application initialized successfully"}
{"level":"info","ts":"2024-09-27T18:15:38.334+0800","caller":"app/app.go:33","msg":"Starting server","port":"8888"}
{"level":"debug","ts":"2024-09-27T18:15:47.563+0800","caller":"middleware/tracing.go:23","msg":"Request started","request_id":"d3a96ddb-060f-4993-b632-23a0b198f9f4","path":"/api/v1/users","method":"GET"}
{"level":"info","ts":"2024-09-27T18:15:47.563+0800","caller":"service/user_service.go:35","msg":"Getting users","request_id":"d3a96ddb-060f-4993-b632-23a0b198f9f4"}
{"level":"info","ts":"2024-09-27T18:15:47.767+0800","caller":"repository/user_repository.go:73","msg":"Users retrieved","request_id":"d3a96ddb-060f-4993-b632-23a0b198f9f4","count":2,"total":11}
{"level":"info","ts":"2024-09-27T18:15:47.767+0800","caller":"controller/user_controller.go:76","msg":"Users retrieved successfully","request_id":"d3a96ddb-060f-4993-b632-23a0b198f9f4","total":11}
{"level":"info","ts":"2024-09-27T18:15:47.768+0800","caller":"middleware/logger.go:26","msg":"Request","request_id":"d3a96ddb-060f-4993-b632-23a0b198f9f4","status":200,"method":"GET","path":"/api/v1/users","query":"page=1&size=2","ip":"127.0.0.1","user-agent":"Mozilla/5.0 (Macintosh; Intel Mac OS X 10_15_7) AppleWebKit/537.36 (KHTML, like Gecko) Chrome/128.0.0.0 Safari/537.36","latency":0.204582958}
{"level":"debug","ts":"2024-09-27T18:15:47.768+0800","caller":"middleware/tracing.go:31","msg":"Request completed","request_id":"d3a96ddb-060f-4993-b632-23a0b198f9f4","status":200}
{"level":"info","ts":"2024-09-30T14:22:05.055+0800","caller":"logger/logger.go:51","msg":"Initializing database","logSQL":true,"logLevel":"info"}
{"level":"info","ts":"2024-09-30T14:22:05.055+0800","caller":"logger/logger.go:51","msg":"SQL logging is enabled"}
{"level":"info","ts":"2024-09-30T14:22:05.055+0800","caller":"logger/logger.go:51","msg":"GORM logger configured","logLevel":"info"}
{"level":"info","ts":"2024-09-30T14:22:05.058+0800","caller":"database/database.go:22","msg":"/Users/jacklondon/.cursor-tutor/internal/database/database.go:58\n[error] failed to initialize database, got error dial tcp [::1]:3306: connect: connection refused"}
{"level":"error","ts":"2024-09-30T14:22:05.058+0800","caller":"logger/logger.go:56","msg":"Failed to connect to database","error":"dial tcp [::1]:3306: connect: connection refused","stacktrace":"gin-demo/internal/logger.Error\n\t/Users/jacklondon/.cursor-tutor/internal/logger/logger.go:56\ngin-demo/internal/database.Init\n\t/Users/jacklondon/.cursor-tutor/internal/database/database.go:60\ngin-demo/internal/app.NewApp\n\t/Users/jacklondon/.cursor-tutor/internal/app/app.go:29\nmain.main\n\t/Users/jacklondon/.cursor-tutor/cmd/main.go:11\nruntime.main\n\t/usr/local/go/src/runtime/proc.go:271"}
{"level":"error","ts":"2024-09-30T14:22:05.058+0800","caller":"logger/logger.go:56","msg":"Failed to initialize database","error":"dial tcp [::1]:3306: connect: connection refused","stacktrace":"gin-demo/internal/logger.Error\n\t/Users/jacklondon/.cursor-tutor/internal/logger/logger.go:56\ngin-demo/internal/app.NewApp\n\t/Users/jacklondon/.cursor-tutor/internal/app/app.go:30\nmain.main\n\t/Users/jacklondon/.cursor-tutor/cmd/main.go:11\nruntime.main\n\t/usr/local/go/src/runtime/proc.go:271"}
{"level":"fatal","ts":"2024-09-30T14:22:05.058+0800","caller":"logger/logger.go:71","msg":"Failed to initialize app","error":"dial tcp [::1]:3306: connect: connection refused","stacktrace":"gin-demo/internal/logger.Fatal\n\t/Users/jacklondon/.cursor-tutor/internal/logger/logger.go:71\nmain.main\n\t/Users/jacklondon/.cursor-tutor/cmd/main.go:13\nruntime.main\n\t/usr/local/go/src/runtime/proc.go:271"}
